Flow report for TopLevel
Sat Jun 11 15:36:12 2022
Quartus Prime Version 21.1.0 Build 842 10/21/2021 SJ Lite Edition


---------------------
; Table of Contents ;
---------------------
  1. Legal Notice
  2. Flow Summary
  3. Flow Settings
  4. Flow Non-Default Global Settings
  5. Flow Elapsed Time
  6. Flow OS Summary
  7. Flow Log
  8. Flow Messages
  9. Flow Suppressed Messages



----------------
; Legal Notice ;
----------------
Copyright (C) 2021  Intel Corporation. All rights reserved.
Your use of Intel Corporation's design tools, logic functions 
and other software and tools, and any partner logic 
functions, and any output files from any of the foregoing 
(including device programming or simulation files), and any 
associated documentation or information are expressly subject 
to the terms and conditions of the Intel Program License 
Subscription Agreement, the Intel Quartus Prime License Agreement,
the Intel FPGA IP License Agreement, or other applicable license
agreement, including, without limitation, that your use is for
the sole purpose of programming logic devices manufactured by
Intel and sold by Intel or its authorized distributors.  Please
refer to the applicable agreement for further details, at
https://fpgasoftware.intel.com/eula.



+---------------------------------------------------------------------------------+
; Flow Summary                                                                    ;
+-----------------------------------+---------------------------------------------+
; Flow Status                       ; Successful - Sat Jun 11 15:36:12 2022       ;
; Quartus Prime Version             ; 21.1.0 Build 842 10/21/2021 SJ Lite Edition ;
; Revision Name                     ; TopLevel                                    ;
; Top-level Entity Name             ; TopLevel                                    ;
; Family                            ; Arria II GX                                 ;
; Logic utilization                 ; 10 %                                        ;
;     Combinational ALUTs           ; 2,266 / 36,100 ( 6 % )                      ;
;     Memory ALUTs                  ; 0 / 18,050 ( 0 % )                          ;
;     Dedicated logic registers     ; 2,185 / 36,100 ( 6 % )                      ;
; Total registers                   ; 2185                                        ;
; Total pins                        ; 4 / 176 ( 2 % )                             ;
; Total virtual pins                ; 0                                           ;
; Total block memory bits           ; 0 / 2,939,904 ( 0 % )                       ;
; DSP block 18-bit elements         ; 0 / 232 ( 0 % )                             ;
; Total GXB Receiver Channel PCS    ; 0 / 4 ( 0 % )                               ;
; Total GXB Receiver Channel PMA    ; 0 / 4 ( 0 % )                               ;
; Total GXB Transmitter Channel PCS ; 0 / 4 ( 0 % )                               ;
; Total GXB Transmitter Channel PMA ; 0 / 4 ( 0 % )                               ;
; Total PLLs                        ; 0 / 4 ( 0 % )                               ;
; Total DLLs                        ; 0 / 2 ( 0 % )                               ;
; Device                            ; EP2AGX45CU17I3                              ;
; Timing Models                     ; Final                                       ;
+-----------------------------------+---------------------------------------------+


+-----------------------------------------+
; Flow Settings                           ;
+-------------------+---------------------+
; Option            ; Setting             ;
+-------------------+---------------------+
; Start date & time ; 06/11/2022 15:35:19 ;
; Main task         ; Compilation         ;
; Revision Name     ; TopLevel            ;
+-------------------+---------------------+


+-----------------------------------------------------------------------------------------------------------------------------+
; Flow Non-Default Global Settings                                                                                            ;
+-------------------------------------+----------------------------------------+---------------+-------------+----------------+
; Assignment Name                     ; Value                                  ; Default Value ; Entity Name ; Section Id     ;
+-------------------------------------+----------------------------------------+---------------+-------------+----------------+
; COMPILER_SIGNATURE_ID               ; 247207020232543.165498691928148        ; --            ; --          ; --             ;
; EDA_OUTPUT_DATA_FORMAT              ; Verilog Hdl                            ; --            ; --          ; eda_simulation ;
; EDA_SIMULATION_TOOL                 ; ModelSim (Verilog)                     ; <None>        ; --          ; --             ;
; EDA_TIME_SCALE                      ; 1 ps                                   ; --            ; --          ; eda_simulation ;
; PARTITION_COLOR                     ; -- (Not supported for targeted family) ; --            ; --          ; Top            ;
; PARTITION_FITTER_PRESERVATION_LEVEL ; -- (Not supported for targeted family) ; --            ; --          ; Top            ;
; PARTITION_NETLIST_TYPE              ; -- (Not supported for targeted family) ; --            ; --          ; Top            ;
; PROJECT_OUTPUT_DIRECTORY            ; output_files                           ; --            ; --          ; --             ;
+-------------------------------------+----------------------------------------+---------------+-------------+----------------+


+--------------------------------------------------------------------------------------------------------------------------+
; Flow Elapsed Time                                                                                                        ;
+----------------------+--------------+-------------------------+---------------------+------------------------------------+
; Module Name          ; Elapsed Time ; Average Processors Used ; Peak Virtual Memory ; Total CPU Time (on all processors) ;
+----------------------+--------------+-------------------------+---------------------+------------------------------------+
; Analysis & Synthesis ; 00:00:10     ; 1.0                     ; 4938 MB             ; 00:00:19                           ;
; Fitter               ; 00:00:32     ; 1.3                     ; 6787 MB             ; 00:00:59                           ;
; Assembler            ; 00:00:02     ; 1.0                     ; 4836 MB             ; 00:00:02                           ;
; Timing Analyzer      ; 00:00:03     ; 2.1                     ; 5113 MB             ; 00:00:05                           ;
; EDA Netlist Writer   ; 00:00:01     ; 1.0                     ; 4738 MB             ; 00:00:01                           ;
; Total                ; 00:00:48     ; --                      ; --                  ; 00:01:26                           ;
+----------------------+--------------+-------------------------+---------------------+------------------------------------+


+------------------------------------------------------------------------------------+
; Flow OS Summary                                                                    ;
+----------------------+------------------+------------+------------+----------------+
; Module Name          ; Machine Hostname ; OS Name    ; OS Version ; Processor type ;
+----------------------+------------------+------------+------------+----------------+
; Analysis & Synthesis ; Lucia            ; Windows 10 ; 10.0       ; x86_64         ;
; Fitter               ; Lucia            ; Windows 10 ; 10.0       ; x86_64         ;
; Assembler            ; Lucia            ; Windows 10 ; 10.0       ; x86_64         ;
; Timing Analyzer      ; Lucia            ; Windows 10 ; 10.0       ; x86_64         ;
; EDA Netlist Writer   ; Lucia            ; Windows 10 ; 10.0       ; x86_64         ;
+----------------------+------------------+------------+------------+----------------+


------------
; Flow Log ;
------------
quartus_map --read_settings_files=on --write_settings_files=off TopLevel -c TopLevel
quartus_fit --read_settings_files=off --write_settings_files=off TopLevel -c TopLevel
quartus_asm --read_settings_files=off --write_settings_files=off TopLevel -c TopLevel
quartus_sta TopLevel -c TopLevel
quartus_eda --read_settings_files=off --write_settings_files=off TopLevel -c TopLevel



